\BOOKMARK [1][-]{section.1}{Flavor Profiles}{}% 1
\BOOKMARK [1][-]{section.2}{Ratios}{}% 2
\BOOKMARK [1][-]{section.3}{General Tips}{}% 3
\BOOKMARK [1][-]{section.4}{Fast everyday recipes}{}% 4
\BOOKMARK [2][-]{subsection.4.1}{[templated] Curry Chicken}{section.4}% 5
\BOOKMARK [2][-]{subsection.4.2}{[templated] Galinha Baiana}{section.4}% 6
\BOOKMARK [2][-]{subsection.4.3}{[templated] Galinha italiana}{section.4}% 7
\BOOKMARK [2][-]{subsection.4.4}{[templated] Cilantro chicken}{section.4}% 8
\BOOKMARK [2][-]{subsection.4.5}{[templated] Chicken on Tomato Sauce}{section.4}% 9
\BOOKMARK [2][-]{subsection.4.6}{[templated] Onion chicken}{section.4}% 10
\BOOKMARK [2][-]{subsection.4.7}{[templated] Curried Tomato}{section.4}% 11
\BOOKMARK [2][-]{subsection.4.8}{Meat w/ Soy sauce}{section.4}% 12
\BOOKMARK [2][-]{subsection.4.9}{Leozin Meat Marinate}{section.4}% 13
\BOOKMARK [2][-]{subsection.4.10}{Chicken \(Receita Casa Vovo\)}{section.4}% 14
\BOOKMARK [2][-]{subsection.4.11}{Oven Roasted Chicken}{section.4}% 15
\BOOKMARK [2][-]{subsection.4.12}{Pork on Mustard and Vinegar}{section.4}% 16
\BOOKMARK [2][-]{subsection.4.13}{Carne Assada}{section.4}% 17
\BOOKMARK [1][-]{section.5}{Jane Loures}{}% 18
\BOOKMARK [2][-]{subsection.5.1}{Tempero caseiro}{section.5}% 19
\BOOKMARK [2][-]{subsection.5.2}{Bife acebolado}{section.5}% 20
\BOOKMARK [1][-]{section.6}{Starches / Beans}{}% 21
\BOOKMARK [2][-]{subsection.6.1}{Simple Rice}{section.6}% 22
\BOOKMARK [2][-]{subsection.6.2}{Potatoes Gratin \(Sergio\)}{section.6}% 23
\BOOKMARK [2][-]{subsection.6.3}{Refried beans}{section.6}% 24
\BOOKMARK [2][-]{subsection.6.4}{"Risoto" Brasileiro}{section.6}% 25
\BOOKMARK [2][-]{subsection.6.5}{Brazilian Feijoada}{section.6}% 26
\BOOKMARK [2][-]{subsection.6.6}{Creamy Polenta}{section.6}% 27
\BOOKMARK [2][-]{subsection.6.7}{Loaded Scalloped Potatoes}{section.6}% 28
\BOOKMARK [2][-]{subsection.6.8}{Beans on tomato sauce \(Luzinete Style\)}{section.6}% 29
\BOOKMARK [2][-]{subsection.6.9}{Truffle Sauce for Pasta}{section.6}% 30
\BOOKMARK [1][-]{section.7}{Bacalhau}{}% 31
\BOOKMARK [2][-]{subsection.7.1}{Bacalhau Gomes Sa \(Tia Ana\)}{section.7}% 32
\BOOKMARK [2][-]{subsection.7.2}{Bacalhau Espiritual - Modificado}{section.7}% 33
\BOOKMARK [2][-]{subsection.7.3}{[TODO] Creme de bacalhau}{section.7}% 34
\BOOKMARK [2][-]{subsection.7.4}{[TODO] Bacalhau ao ze do pipo}{section.7}% 35
\BOOKMARK [2][-]{subsection.7.5}{[TODO] Bacalhau gomes sa}{section.7}% 36
\BOOKMARK [2][-]{subsection.7.6}{[TODO] Bolinho de bacalhau}{section.7}% 37
\BOOKMARK [1][-]{section.8}{Bread}{}% 38
\BOOKMARK [2][-]{subsection.8.1}{Bread}{section.8}% 39
\BOOKMARK [1][-]{section.9}{Smoker}{}% 40
\BOOKMARK [2][-]{subsection.9.1}{Smoked Salmon}{section.9}% 41
\BOOKMARK [2][-]{subsection.9.2}{Pulled Pork}{section.9}% 42
\BOOKMARK [1][-]{section.10}{Seafood}{}% 43
\BOOKMARK [2][-]{subsection.10.1}{Fish Tacos}{section.10}% 44
\BOOKMARK [2][-]{subsection.10.2}{Moqueca}{section.10}% 45
\BOOKMARK [2][-]{subsection.10.3}{Clam showder}{section.10}% 46
\BOOKMARK [1][-]{section.11}{Breakfast}{}% 47
\BOOKMARK [2][-]{subsection.11.1}{Waffle}{section.11}% 48
\BOOKMARK [2][-]{subsection.11.2}{Pancakes}{section.11}% 49
\BOOKMARK [1][-]{section.12}{Apps}{}% 50
\BOOKMARK [2][-]{subsection.12.1}{Bruschetta}{section.12}% 51
\BOOKMARK [2][-]{subsection.12.2}{Caponata \(Sergio\)}{section.12}% 52
\BOOKMARK [2][-]{subsection.12.3}{Eggplant in preserved olive oil}{section.12}% 53
\BOOKMARK [2][-]{subsection.12.4}{Caponata in Oven}{section.12}% 54
\BOOKMARK [2][-]{subsection.12.5}{Garlic bread}{section.12}% 55
\BOOKMARK [2][-]{subsection.12.6}{Paprika Toasts}{section.12}% 56
\BOOKMARK [1][-]{section.13}{Weekend Meals}{}% 57
\BOOKMARK [2][-]{subsection.13.1}{Burger}{section.13}% 58
\BOOKMARK [2][-]{subsection.13.2}{Chicken Fricassee}{section.13}% 59
\BOOKMARK [2][-]{subsection.13.3}{Feijao tropeiro}{section.13}% 60
\BOOKMARK [2][-]{subsection.13.4}{File Mignon}{section.13}% 61
\BOOKMARK [2][-]{subsection.13.5}{Camarao ao Tornedor}{section.13}% 62
\BOOKMARK [2][-]{subsection.13.6}{Boef Bourguignon}{section.13}% 63
\BOOKMARK [2][-]{subsection.13.7}{Steakhouse Steak}{section.13}% 64
\BOOKMARK [2][-]{subsection.13.8}{Torta de Ana}{section.13}% 65
\BOOKMARK [2][-]{subsection.13.9}{Slow Cooked BBQ Ribs}{section.13}% 66
\BOOKMARK [2][-]{subsection.13.10}{Peixe ao coco}{section.13}% 67
\BOOKMARK [2][-]{subsection.13.11}{Steak au Poivre}{section.13}% 68
\BOOKMARK [2][-]{subsection.13.12}{Parisian Gnocchi}{section.13}% 69
\BOOKMARK [2][-]{subsection.13.13}{Pizza Dough}{section.13}% 70
\BOOKMARK [2][-]{subsection.13.14}{Asian Glazed Salmon in Foil}{section.13}% 71
\BOOKMARK [2][-]{subsection.13.15}{Teriyaki Salmon}{section.13}% 72
\BOOKMARK [2][-]{subsection.13.16}{Teriyaki Sauce}{section.13}% 73
\BOOKMARK [1][-]{section.14}{Pressure Cook}{}% 74
\BOOKMARK [2][-]{subsection.14.1}{Beef Ragu \(Tia Angela\)}{section.14}% 75
\BOOKMARK [2][-]{subsection.14.2}{Bife de Molho Luzinete}{section.14}% 76
\BOOKMARK [2][-]{subsection.14.3}{Savory Beef Tips and Gravy}{section.14}% 77
\BOOKMARK [2][-]{subsection.14.4}{Pork Cassoulet}{section.14}% 78
\BOOKMARK [2][-]{subsection.14.5}{Pressure Cook Pork \(Receita Vaco\)}{section.14}% 79
\BOOKMARK [1][-]{section.15}{Ground Beef Based}{}% 80
\BOOKMARK [2][-]{subsection.15.1}{Ground Beef}{section.15}% 81
\BOOKMARK [2][-]{subsection.15.2}{Engorda Marido}{section.15}% 82
\BOOKMARK [2][-]{subsection.15.3}{Hamburgers}{section.15}% 83
\BOOKMARK [2][-]{subsection.15.4}{Meatballs}{section.15}% 84
\BOOKMARK [2][-]{subsection.15.5}{Lasagna}{section.15}% 85
\BOOKMARK [2][-]{subsection.15.6}{Beef Empanadas}{section.15}% 86
\BOOKMARK [2][-]{subsection.15.7}{Sheperds Pie}{section.15}% 87
\BOOKMARK [1][-]{section.16}{Chicken}{}% 88
\BOOKMARK [2][-]{subsection.16.1}{Breaded chicken}{section.16}% 89
\BOOKMARK [2][-]{subsection.16.2}{Chicken Piccatta}{section.16}% 90
\BOOKMARK [2][-]{subsection.16.3}{Skillet Creamy French Mustard Chicken}{section.16}% 91
\BOOKMARK [2][-]{subsection.16.4}{Strogonoff}{section.16}% 92
\BOOKMARK [2][-]{subsection.16.5}{Chicken in White Wine Sauce with Mushrooms}{section.16}% 93
\BOOKMARK [2][-]{subsection.16.6}{Chicken Shawarma}{section.16}% 94
\BOOKMARK [2][-]{subsection.16.7}{Chicken Madeira}{section.16}% 95
\BOOKMARK [2][-]{subsection.16.8}{Butter Chicken}{section.16}% 96
\BOOKMARK [2][-]{subsection.16.9}{Italian Pasta Chicken - Mo Pasta}{section.16}% 97
\BOOKMARK [1][-]{section.17}{Sandwich}{}% 98
\BOOKMARK [2][-]{subsection.17.1}{Mustard Sandwich}{section.17}% 99
\BOOKMARK [1][-]{section.18}{Pastas}{}% 100
\BOOKMARK [2][-]{subsection.18.1}{Fettuccine Alfredo \(Olive garden\)}{section.18}% 101
\BOOKMARK [2][-]{subsection.18.2}{Smoked Salmon Alfredo}{section.18}% 102
\BOOKMARK [2][-]{subsection.18.3}{Pasta al Fungi}{section.18}% 103
\BOOKMARK [2][-]{subsection.18.4}{Fettuccine al Tartufo}{section.18}% 104
\BOOKMARK [2][-]{subsection.18.5}{Carbonara}{section.18}% 105
\BOOKMARK [1][-]{section.19}{Desserts}{}% 106
\BOOKMARK [2][-]{subsection.19.1}{Cheese Mousse}{section.19}% 107
\BOOKMARK [2][-]{subsection.19.2}{Passion Fruit Mousse}{section.19}% 108
\BOOKMARK [2][-]{subsection.19.3}{Banofe}{section.19}% 109
\BOOKMARK [2][-]{subsection.19.4}{Creme brulee}{section.19}% 110
\BOOKMARK [2][-]{subsection.19.5}{Milk Pudding \(Pudim de leite\)}{section.19}% 111
\BOOKMARK [2][-]{subsection.19.6}{Beet Pistachio Bars}{section.19}% 112
\BOOKMARK [2][-]{subsection.19.7}{Brownie Sofia}{section.19}% 113
\BOOKMARK [1][-]{section.20}{Cured Meats}{}% 114
\BOOKMARK [2][-]{subsection.20.1}{Charque}{section.20}% 115
\BOOKMARK [2][-]{subsection.20.2}{Coppa}{section.20}% 116
\BOOKMARK [1][-]{section.21}{Sauces}{}% 117
\BOOKMARK [2][-]{subsection.21.1}{Tomato Sauce \(Sergio\)}{section.21}% 118
\BOOKMARK [2][-]{subsection.21.2}{Teriyaki Sauce}{section.21}% 119
\BOOKMARK [2][-]{subsection.21.3}{Bechamel Sauce \(Blue Apron\)}{section.21}% 120
\BOOKMARK [2][-]{subsection.21.4}{Bechamel Sauce \(Adapted Luzinete Style\)}{section.21}% 121
\BOOKMARK [2][-]{subsection.21.5}{Roux}{section.21}% 122
\BOOKMARK [2][-]{subsection.21.6}{Mother sauces}{section.21}% 123
\BOOKMARK [2][-]{subsection.21.7}{Pesto Sauce}{section.21}% 124
\BOOKMARK [2][-]{subsection.21.8}{Chipotle Mayo}{section.21}% 125
\BOOKMARK [2][-]{subsection.21.9}{Chimichurri}{section.21}% 126
\BOOKMARK [1][-]{section.22}{Dump}{}% 127
\BOOKMARK [2][-]{subsection.22.1}{Miso Dressing}{section.22}% 128
\BOOKMARK [2][-]{subsection.22.2}{Cesar Dressing \(Blue Apron\)}{section.22}% 129
\BOOKMARK [2][-]{subsection.22.3}{Potato Salad}{section.22}% 130
\BOOKMARK [2][-]{subsection.22.4}{Overnight Oats}{section.22}% 131
\BOOKMARK [2][-]{subsection.22.5}{Roasted brussel sprouts}{section.22}% 132
\BOOKMARK [2][-]{subsection.22.6}{Spaguetti Squash}{section.22}% 133
\BOOKMARK [2][-]{subsection.22.7}{Tomato Soup}{section.22}% 134
\BOOKMARK [2][-]{subsection.22.8}{Beet Humus}{section.22}% 135
\BOOKMARK [2][-]{subsection.22.9}{Lemon and Sprite}{section.22}% 136
\BOOKMARK [2][-]{subsection.22.10}{Caramelized Carrots}{section.22}% 137
\BOOKMARK [2][-]{subsection.22.11}{Requeijao Cremoso}{section.22}% 138
\BOOKMARK [2][-]{subsection.22.12}{Ragu Clement}{section.22}% 139
\BOOKMARK [2][-]{subsection.22.13}{Blue Apron Sweet potatoes}{section.22}% 140
\BOOKMARK [2][-]{subsection.22.14}{[templated] Orange and Soy}{section.22}% 141
\BOOKMARK [2][-]{subsection.22.15}{[templated] KitchenSync Sauce}{section.22}% 142
\BOOKMARK [2][-]{subsection.22.16}{[templated] Paprika Chicken}{section.22}% 143
\BOOKMARK [2][-]{subsection.22.17}{[templated] Fish sauce}{section.22}% 144
\BOOKMARK [2][-]{subsection.22.18}{Cauliflower Couscous}{section.22}% 145
\BOOKMARK [2][-]{subsection.22.19}{Creamy onion Chicken}{section.22}% 146
\BOOKMARK [2][-]{subsection.22.20}{Bread \(Rosinha\)}{section.22}% 147
\BOOKMARK [2][-]{subsection.22.21}{Filet Mignon - Luzinete Style}{section.22}% 148
\BOOKMARK [2][-]{subsection.22.22}{Healthy Chicken Masala}{section.22}% 149
\BOOKMARK [2][-]{subsection.22.23}{Chicken Fried Rice}{section.22}% 150
\BOOKMARK [2][-]{subsection.22.24}{French Onion Soup}{section.22}% 151
\BOOKMARK [2][-]{subsection.22.25}{Carrot Soup \(Healthy\)}{section.22}% 152
\BOOKMARK [2][-]{subsection.22.26}{Tomato Soup \(Healthy\)}{section.22}% 153
\BOOKMARK [2][-]{subsection.22.27}{Asparagus Soup \(Healthy\)}{section.22}% 154
\BOOKMARK [2][-]{subsection.22.28}{Sag Paneer \(With tofu\)}{section.22}% 155
\BOOKMARK [2][-]{subsection.22.29}{BBQ Beans}{section.22}% 156
\BOOKMARK [2][-]{subsection.22.30}{Rosbife Tia Tina \(Tia Ana\)}{section.22}% 157
\BOOKMARK [2][-]{subsection.22.31}{Stir Fried Chayote Squash \(Sergio\)}{section.22}% 158
